UNEW: 30
USFD: 14
TASMC: 15
CAU: 24
RBMF: 21
Found the optimum hyperparameters:
Number of conv filters: 32
Dilations: [1, 2, 4, 8]
Dropout rate: 0.05
Learning rate: 0.00015872369686433261
Model: "tcn_multi_output_model"
__________________________________________________________________________________________________
 Layer (type)                   Output Shape         Param #     Connected to                     
==================================================================================================
 inputs (InputLayer)            [(None, None, 12)]   0           []                               
                                                                                                  
 tcn (TCN)                      (None, None, 32)     23328       ['inputs[0][0]']                 
                                                                                                  
 gait_sequences (Dense)         (None, None, 1)      33          ['tcn[0][0]']                    
                                                                                                  
 concat (Concatenate)           (None, None, 33)     0           ['tcn[0][0]',                    
                                                                  'gait_sequences[0][0]']         
                                                                                                  
 gait_events (Dense)            (None, None, 5)      170         ['concat[0][0]']                 
                                                                                                  
==================================================================================================
Total params: 23,531
Trainable params: 23,531
Non-trainable params: 0
__________________________________________________________________________________________________
